Running: C:\Xilinx\14.7\ISE_DS\ISE\bin\nt64\unwrapped\fuse.exe -intstyle ise -incremental -lib secureip -o C:/Users/Esposch/Documents/Xilinx/blinking_led/testbench_isim_beh.exe -prj C:/Users/Esposch/Documents/Xilinx/blinking_led/testbench_beh.prj work.testbench 
ISim P.20131013 (signature 0x7708f090)
Number of CPUs detected in this system: 8
Turning on mult-threading, number of parallel sub-compilation jobs: 16 
Determining compilation order of HDL files
Parsing VHDL file "C:/Users/Esposch/Documents/Xilinx/blinking_led/LED_Blink.vhd" into library work
Parsing VHDL file "C:/Users/Esposch/Documents/Xilinx/blinking_led/testbench.vhd" into library work
Starting static elaboration
Completed static elaboration
Compiling package standard
Compiling package std_logic_1164
Compiling package std_logic_arith
Compiling package std_logic_unsigned
Compiling architecture behavioral of entity LED_Blink [led_blink_default]
Compiling architecture behavior of entity testbench
Time Resolution for simulation is 1ps.
Waiting for 1 sub-compilation(s) to finish...
Compiled 7 VHDL Units
Built simulation executable C:/Users/Esposch/Documents/Xilinx/blinking_led/testbench_isim_beh.exe
Fuse Memory Usage: 34096 KB
Fuse CPU Usage: 326 ms
