Release 14.7 - xst P.20131013 (nt64)
Copyright (c) 1995-2013 Xilinx, Inc.  All rights reserved.
--> Parameter TMPDIR set to xst/projnav.tmp


Total REAL time to Xst completion: 0.00 secs
Total CPU time to Xst completion: 0.06 secs
 
--> Parameter xsthdpdir set to xst


Total REAL time to Xst completion: 0.00 secs
Total CPU time to Xst completion: 0.06 secs
 
--> Reading design: LED_Blink.prj

TABLE OF CONTENTS
  1) Synthesis Options Summary
  2) HDL Parsing
  3) HDL Elaboration
  4) HDL Synthesis
       4.1) HDL Synthesis Report
  5) Advanced HDL Synthesis
       5.1) Advanced HDL Synthesis Report
  6) Low Level Synthesis
  7) Partition Report
  8) Design Summary
       8.1) Primitive and Black Box Usage
       8.2) Device utilization summary
       8.3) Partition Resource Summary
       8.4) Timing Report
            8.4.1) Clock Information
            8.4.2) Asynchronous Control Signals Information
            8.4.3) Timing Summary
            8.4.4) Timing Details
            8.4.5) Cross Clock Domains Report


=========================================================================
*                      Synthesis Options Summary                        *
=========================================================================
---- Source Parameters
Input File Name                    : "LED_Blink.prj"
Ignore Synthesis Constraint File   : NO

---- Target Parameters
Output File Name                   : "LED_Blink"
Output Format                      : NGC
Target Device                      : xc6slx45-3-csg324

---- Source Options
Top Module Name                    : LED_Blink
Automatic FSM Extraction           : YES
FSM Encoding Algorithm             : Auto
Safe Implementation                : No
FSM Style                          : LUT
RAM Extraction                     : Yes
RAM Style                          : Auto
ROM Extraction                     : Yes
Shift Register Extraction          : YES
ROM Style                          : Auto
Resource Sharing                   : YES
Asynchronous To Synchronous        : NO
Shift Register Minimum Size        : 2
Use DSP Block                      : Auto
Automatic Register Balancing       : No

---- Target Options
LUT Combining                      : Auto
Reduce Control Sets                : Auto
Add IO Buffers                     : YES
Global Maximum Fanout              : 100000
Add Generic Clock Buffer(BUFG)     : 16
Register Duplication               : YES
Optimize Instantiated Primitives   : NO
Use Clock Enable                   : Auto
Use Synchronous Set                : Auto
Use Synchronous Reset              : Auto
Pack IO Registers into IOBs        : Auto
Equivalent register Removal        : YES

---- General Options
Optimization Goal                  : Speed
Optimization Effort                : 1
Power Reduction                    : NO
Keep Hierarchy                     : No
Netlist Hierarchy                  : As_Optimized
RTL Output                         : Yes
Global Optimization                : AllClockNets
Read Cores                         : YES
Write Timing Constraints           : NO
Cross Clock Analysis               : NO
Hierarchy Separator                : /
Bus Delimiter                      : <>
Case Specifier                     : Maintain
Slice Utilization Ratio            : 100
BRAM Utilization Ratio             : 100
DSP48 Utilization Ratio            : 100
Auto BRAM Packing                  : NO
Slice Utilization Ratio Delta      : 5

=========================================================================


=========================================================================
*                          HDL Parsing                                  *
=========================================================================
Parsing VHDL file "C:\Users\Esposch\Documents\Xilinx\blinking_led\LED_Blink.vhd" into library work
Parsing entity <LED_Blink>.
Parsing architecture <Behavioral> of entity <led_blink>.

=========================================================================
*                            HDL Elaboration                            *
=========================================================================

Elaborating entity <LED_Blink> (architecture <Behavioral>) from library <work>.
WARNING:HDLCompiler:92 - "C:\Users\Esposch\Documents\Xilinx\blinking_led\LED_Blink.vhd" Line 58: prescaler_count should be on the sensitivity list of the process

=========================================================================
*                           HDL Synthesis                               *
=========================================================================

Synthesizing Unit <LED_Blink>.
    Related source file is "C:\Users\Esposch\Documents\Xilinx\blinking_led\LED_Blink.vhd".
    Found 26-bit register for signal <prescaler_count>.
    Found 26-bit adder for signal <prescaler_count[25]_GND_5_o_add_1_OUT> created at line 52.
    Found 26-bit comparator greater for signal <prescaler_count[25]_PWR_5_o_LessThan_1_o> created at line 51
    Found 26-bit comparator greater for signal <LED_out> created at line 58
    Summary:
	inferred   1 Adder/Subtractor(s).
	inferred  26 D-type flip-flop(s).
	inferred   2 Comparator(s).
Unit <LED_Blink> synthesized.

=========================================================================
HDL Synthesis Report

Macro Statistics
# Adders/Subtractors                                   : 1
 26-bit adder                                          : 1
# Registers                                            : 1
 26-bit register                                       : 1
# Comparators                                          : 2
 26-bit comparator greater                             : 2

=========================================================================

=========================================================================
*                       Advanced HDL Synthesis                          *
=========================================================================


Synthesizing (advanced) Unit <LED_Blink>.
The following registers are absorbed into counter <prescaler_count>: 1 register on signal <prescaler_count>.
Unit <LED_Blink> synthesized (advanced).

=========================================================================
Advanced HDL Synthesis Report

Macro Statistics
# Counters                                             : 1
 26-bit up counter                                     : 1
# Comparators                                          : 2
 26-bit comparator greater                             : 2

=========================================================================

=========================================================================
*                         Low Level Synthesis                           *
=========================================================================

Optimizing unit <LED_Blink> ...

Mapping all equations...
Building and optimizing final netlist ...
Found area constraint ratio of 100 (+ 5) on block LED_Blink, actual ratio is 0.

Final Macro Processing ...

=========================================================================
Final Register Report

Macro Statistics
# Registers                                            : 26
 Flip-Flops                                            : 26

=========================================================================

=========================================================================
*                           Partition Report                            *
=========================================================================

Partition Implementation Status
-------------------------------

  No Partitions were found in this design.

-------------------------------

=========================================================================
*                            Design Summary                             *
=========================================================================

Top Level Output File Name         : LED_Blink.ngc

Primitive and Black Box Usage:
------------------------------
# BELS                             : 113
#      GND                         : 1
#      INV                         : 1
#      LUT1                        : 25
#      LUT3                        : 1
#      LUT4                        : 1
#      LUT5                        : 2
#      LUT6                        : 30
#      MUXCY                       : 25
#      VCC                         : 1
#      XORCY                       : 26
# FlipFlops/Latches                : 26
#      FD                          : 26
# Clock Buffers                    : 1
#      BUFGP                       : 1
# IO Buffers                       : 1
#      OBUF                        : 1

Device utilization summary:
---------------------------

Selected Device : 6slx45csg324-3 


Slice Logic Utilization: 
 Number of Slice Registers:              26  out of  54576     0%  
 Number of Slice LUTs:                   60  out of  27288     0%  
    Number used as Logic:                60  out of  27288     0%  

Slice Logic Distribution: 
 Number of LUT Flip Flop pairs used:     60
   Number with an unused Flip Flop:      34  out of     60    56%  
   Number with an unused LUT:             0  out of     60     0%  
   Number of fully used LUT-FF pairs:    26  out of     60    43%  
   Number of unique control sets:         1

IO Utilization: 
 Number of IOs:                           2
 Number of bonded IOBs:                   2  out of    218     0%  

Specific Feature Utilization:
 Number of BUFG/BUFGCTRLs:                1  out of     16     6%  

---------------------------
Partition Resource Summary:
---------------------------

  No Partitions were found in this design.

---------------------------


=========================================================================
Timing Report

NOTE: THESE TIMING NUMBERS ARE ONLY A SYNTHESIS ESTIMATE.
      FOR ACCURATE TIMING INFORMATION PLEASE REFER TO THE TRACE REPORT
      GENERATED AFTER PLACE-and-ROUTE.

Clock Information:
------------------
-----------------------------------+------------------------+-------+
Clock Signal                       | Clock buffer(FF name)  | Load  |
-----------------------------------+------------------------+-------+
CLK_100MHz                         | BUFGP                  | 26    |
-----------------------------------+------------------------+-------+

Asynchronous Control Signals Information:
----------------------------------------
No asynchronous control signals found in this design

Timing Summary:
---------------
Speed Grade: -3

   Minimum period: 3.721ns (Maximum Frequency: 268.774MHz)
   Minimum input arrival time before clock: No path found
   Maximum output required time after clock: 6.875ns
   Maximum combinational path delay: No path found

Timing Details:
---------------
All values displayed in nanoseconds (ns)

=========================================================================
Timing constraint: Default period analysis for Clock 'CLK_100MHz'
  Clock period: 3.721ns (frequency: 268.774MHz)
  Total number of paths / destination ports: 845 / 26
-------------------------------------------------------------------------
Delay:               3.721ns (Levels of Logic = 3)
  Source:            prescaler_count_14 (FF)
  Destination:       prescaler_count_0 (FF)
  Source Clock:      CLK_100MHz rising
  Destination Clock: CLK_100MHz rising

  Data Path: prescaler_count_14 to prescaler_count_0
                                Gate     Net
    Cell:in->out      fanout   Delay   Delay  Logical Name (Net Name)
    ----------------------------------------  ------------
     FD:C->Q               2   0.447   0.845  prescaler_count_14 (prescaler_count_14)
     LUT3:I0->O            3   0.205   0.755  LED_out31121 (LED_out3112)
     LUT6:I4->O           14   0.203   0.958  prescaler_count[25]_PWR_5_o_LessThan_1_o_inv2 (prescaler_count[25]_PWR_5_o_LessThan_1_o_inv2)
     LUT6:I5->O            1   0.205   0.000  prescaler_count_0_rstpot (prescaler_count_0_rstpot)
     FD:D                      0.102          prescaler_count_0
    ----------------------------------------
    Total                      3.721ns (1.162ns logic, 2.559ns route)
                                       (31.2% logic, 68.8% route)

=========================================================================
Timing constraint: Default OFFSET OUT AFTER for Clock 'CLK_100MHz'
  Total number of paths / destination ports: 20 / 1
-------------------------------------------------------------------------
Offset:              6.875ns (Levels of Logic = 4)
  Source:            prescaler_count_14 (FF)
  Destination:       LED_out (PAD)
  Source Clock:      CLK_100MHz rising

  Data Path: prescaler_count_14 to LED_out
                                Gate     Net
    Cell:in->out      fanout   Delay   Delay  Logical Name (Net Name)
    ----------------------------------------  ------------
     FD:C->Q               2   0.447   0.845  prescaler_count_14 (prescaler_count_14)
     LUT3:I0->O            3   0.205   0.995  LED_out31121 (LED_out3112)
     LUT6:I1->O            1   0.203   0.827  LED_out32 (LED_out31)
     LUT6:I2->O            1   0.203   0.579  LED_out33 (LED_out_OBUF)
     OBUF:I->O                 2.571          LED_out_OBUF (LED_out)
    ----------------------------------------
    Total                      6.875ns (3.629ns logic, 3.246ns route)
                                       (52.8% logic, 47.2% route)

=========================================================================

Cross Clock Domains Report:
--------------------------

Clock to Setup on destination clock CLK_100MHz
---------------+---------+---------+---------+---------+
               | Src:Rise| Src:Fall| Src:Rise| Src:Fall|
Source Clock   |Dest:Rise|Dest:Rise|Dest:Fall|Dest:Fall|
---------------+---------+---------+---------+---------+
CLK_100MHz     |    3.721|         |         |         |
---------------+---------+---------+---------+---------+

=========================================================================


Total REAL time to Xst completion: 4.00 secs
Total CPU time to Xst completion: 3.65 secs
 
--> 

Total memory usage is 254536 kilobytes

Number of errors   :    0 (   0 filtered)
Number of warnings :    1 (   0 filtered)
Number of infos    :    0 (   0 filtered)

