INFO:sim:172 - Generating IP...
Customizing IP...
Finished Customizing.
Resolving generic values...
Finished resolving generic values.
INFO:sim:993 - The selected IP does not support an ASY schematic symbol.
INFO:sim:949 - Finished generation of ASY schematic symbol.
WARNING:sim - The chosen IP does not support an SYM schematic symbol.
Generating metadata file...
Generating ISE project...
XCO file found: mig_core.xco
XMDF file found: mig_core_xmdf.tcl
Adding
C:/Users/Esposch/Documents/Xilinx/example_mig/ipcore_dir/tmp/_cg/mig_core/user_d
esign/rtl/iodrp_controller.vhd -view all -origin_type created
INFO:HDLCompiler:1061 - Parsing VHDL file
   "C:/Users/Esposch/Documents/Xilinx/example_mig/ipcore_dir/tmp/_cg/mig_core/us
   er_design/rtl/iodrp_controller.vhd" into library work
INFO:ProjectMgmt - Parsing design hierarchy completed successfully.
Adding
C:/Users/Esposch/Documents/Xilinx/example_mig/ipcore_dir/tmp/_cg/mig_core/user_d
esign/rtl/iodrp_mcb_controller.vhd -view all -origin_type created
INFO:HDLCompiler:1061 - Parsing VHDL file
   "C:/Users/Esposch/Documents/Xilinx/example_mig/ipcore_dir/tmp/_cg/mig_core/us
   er_design/rtl/iodrp_mcb_controller.vhd" into library work
INFO:ProjectMgmt - Parsing design hierarchy completed successfully.
Adding
C:/Users/Esposch/Documents/Xilinx/example_mig/ipcore_dir/tmp/_cg/mig_core/user_d
esign/rtl/mcb_raw_wrapper.vhd -view all -origin_type created
INFO:HDLCompiler:1061 - Parsing VHDL file
   "C:/Users/Esposch/Documents/Xilinx/example_mig/ipcore_dir/tmp/_cg/mig_core/us
   er_design/rtl/mcb_raw_wrapper.vhd" into library work
INFO:ProjectMgmt - Parsing design hierarchy completed successfully.
Adding
C:/Users/Esposch/Documents/Xilinx/example_mig/ipcore_dir/tmp/_cg/mig_core/user_d
esign/rtl/mcb_soft_calibration.vhd -view all -origin_type created
INFO:HDLCompiler:1061 - Parsing VHDL file
   "C:/Users/Esposch/Documents/Xilinx/example_mig/ipcore_dir/tmp/_cg/mig_core/us
   er_design/rtl/mcb_soft_calibration.vhd" into library work
INFO:ProjectMgmt - Parsing design hierarchy completed successfully.
Adding
C:/Users/Esposch/Documents/Xilinx/example_mig/ipcore_dir/tmp/_cg/mig_core/user_d
esign/rtl/mcb_soft_calibration_top.vhd -view all -origin_type created
INFO:HDLCompiler:1061 - Parsing VHDL file
   "C:/Users/Esposch/Documents/Xilinx/example_mig/ipcore_dir/tmp/_cg/mig_core/us
   er_design/rtl/mcb_soft_calibration_top.vhd" into library work
INFO:ProjectMgmt - Parsing design hierarchy completed successfully.
Adding
C:/Users/Esposch/Documents/Xilinx/example_mig/ipcore_dir/tmp/_cg/mig_core/user_d
esign/rtl/memc3_infrastructure.vhd -view all -origin_type created
INFO:HDLCompiler:1061 - Parsing VHDL file
   "C:/Users/Esposch/Documents/Xilinx/example_mig/ipcore_dir/tmp/_cg/mig_core/us
   er_design/rtl/memc3_infrastructure.vhd" into library work
INFO:ProjectMgmt - Parsing design hierarchy completed successfully.
Adding
C:/Users/Esposch/Documents/Xilinx/example_mig/ipcore_dir/tmp/_cg/mig_core/user_d
esign/rtl/memc3_wrapper.vhd -view all -origin_type created
INFO:HDLCompiler:1061 - Parsing VHDL file
   "C:/Users/Esposch/Documents/Xilinx/example_mig/ipcore_dir/tmp/_cg/mig_core/us
   er_design/rtl/memc3_wrapper.vhd" into library work
INFO:ProjectMgmt - Parsing design hierarchy completed successfully.
Adding
C:/Users/Esposch/Documents/Xilinx/example_mig/ipcore_dir/tmp/_cg/mig_core/user_d
esign/rtl/mig_core.vhd -view all -origin_type created
INFO:HDLCompiler:1061 - Parsing VHDL file
   "C:/Users/Esposch/Documents/Xilinx/example_mig/ipcore_dir/tmp/_cg/mig_core/us
   er_design/rtl/mig_core.vhd" into library work
INFO:ProjectMgmt - Parsing design hierarchy completed successfully.
Adding
C:/Users/Esposch/Documents/Xilinx/example_mig/ipcore_dir/tmp/_cg/mig_core/user_d
esign/par/mig_core.ucf -view all -origin_type created
INFO:TclTasksC:2116 - The automatic calculation of top has been turned-off.
   Please set the new top explicitly by running the "project set top" command.
   To re-calculate the new top automatically, set the "Auto Implementation Top"
   property to true.
Top level has been set to "/mig_core"
Generating README file...
Generating FLIST file...
INFO:sim:948 - Finished FLIST file generation.
Launching README viewer...
Moving files to output directory...
Finished moving files to output directory
Wrote CGP file for project 'mig_core'.
